<?xml version="1.0" encoding="utf-8"?>
<test-run id="2" name="BinaryTrees.dll" fullname="C:/учеба/Программирование/Второй семестр/BinaryTrees2/bin/Debug/net6.0/BinaryTrees.dll" testcasecount="24" result="Passed" start-time="2024-04-26T19:16:28.8859775Z" end-time="2024-04-26T19:16:29.2287730Z" duration="0.342771" total="24" passed="24" failed="0" inconclusive="0" skipped="0" warnings="0" asserts="72426" random-seed="1821503758">
  <command-line><![CDATA["C:\учеба\Программирование\Второй семестр\BinaryTrees2\bin\Debug\net6.0\BinaryTrees.dll"]]></command-line>
  <filter />
  <test-suite type="Assembly" id="1030" name="BinaryTrees.dll" fullname="C:/учеба/Программирование/Второй семестр/BinaryTrees2/bin/Debug/net6.0/BinaryTrees.dll" runstate="Runnable" testcasecount="24" result="Passed" start-time="2024-04-26T19:16:28.8859775Z" end-time="2024-04-26T19:16:29.2287730Z" duration="0.342771" total="24" passed="24" failed="0" warnings="0" inconclusive="0" skipped="0" asserts="72426">
    <environment framework-version="3.13.3.0" clr-version="6.0.29" os-version="Microsoft Windows 10.0.22631" platform="Win32NT" cwd="C:\учеба\Программирование\Второй семестр\BinaryTrees2\bin\Debug\net6.0" machine-name="DESKTOP-8UME09K" user="shcha" user-domain="DESKTOP-8UME09K" culture="ru-RU" uiculture="ru-RU" os-architecture="x64" />
    <settings>
      <setting name="WorkDirectory" value="C:\учеба\Программирование\Второй семестр\BinaryTrees2\bin\Debug\net6.0" />
      <setting name="NumberOfTestWorkers" value="12" />
    </settings>
    <properties>
      <property name="_PID" value="16720" />
      <property name="_APPDOMAIN" value="BinaryTrees" />
    </properties>
    <test-suite type="TestSuite" id="1031" name="BinaryTrees" fullname="BinaryTrees" runstate="Runnable" testcasecount="24" result="Passed" start-time="2024-04-26T19:16:28.8895558Z" end-time="2024-04-26T19:16:29.2287699Z" duration="0.339214" total="24" passed="24" failed="0" warnings="0" inconclusive="0" skipped="0" asserts="72426">
      <test-suite type="TestFixture" id="1000" name="BinaryTreeInTask1_should" fullname="BinaryTrees.BinaryTreeInTask1_should" classname="BinaryTrees.BinaryTreeInTask1_should" runstate="Runnable" testcasecount="5" result="Passed" start-time="2024-04-26T19:16:28.8905401Z" end-time="2024-04-26T19:16:28.9186282Z" duration="0.028088" total="5" passed="5" failed="0" warnings="0" inconclusive="0" skipped="0" asserts="2062">
        <test-case id="1001" name="EmptyTreeDoesNotContainDefaultValue" fullname="BinaryTrees.BinaryTreeInTask1_should.EmptyTreeDoesNotContainDefaultValue" methodname="EmptyTreeDoesNotContainDefaultValue" classname="BinaryTrees.BinaryTreeInTask1_should" runstate="Runnable" seed="1599459394" result="Passed" start-time="2024-04-26T19:16:28.8918990Z" end-time="2024-04-26T19:16:28.8960205Z" duration="0.004173" asserts="2" />
        <test-case id="1002" name="WorkWithIntegers" fullname="BinaryTrees.BinaryTreeInTask1_should.WorkWithIntegers" methodname="WorkWithIntegers" classname="BinaryTrees.BinaryTreeInTask1_should" runstate="Runnable" seed="802927330" result="Passed" start-time="2024-04-26T19:16:28.8970727Z" end-time="2024-04-26T19:16:28.9066323Z" duration="0.009560" asserts="20" />
        <test-case id="1003" name="WorkWithManyIntegers" fullname="BinaryTrees.BinaryTreeInTask1_should.WorkWithManyIntegers" methodname="WorkWithManyIntegers" classname="BinaryTrees.BinaryTreeInTask1_should" runstate="Runnable" seed="904427159" result="Passed" start-time="2024-04-26T19:16:28.9066686Z" end-time="2024-04-26T19:16:28.9147523Z" duration="0.008084" asserts="2000" />
        <test-case id="1004" name="WorkWithStrings" fullname="BinaryTrees.BinaryTreeInTask1_should.WorkWithStrings" methodname="WorkWithStrings" classname="BinaryTrees.BinaryTreeInTask1_should" runstate="Runnable" seed="2011543445" result="Passed" start-time="2024-04-26T19:16:28.9147798Z" end-time="2024-04-26T19:16:28.9163626Z" duration="0.001583" asserts="20" />
        <test-case id="1005" name="WorkWithTuples" fullname="BinaryTrees.BinaryTreeInTask1_should.WorkWithTuples" methodname="WorkWithTuples" classname="BinaryTrees.BinaryTreeInTask1_should" runstate="Runnable" seed="1471702055" result="Passed" start-time="2024-04-26T19:16:28.9163813Z" end-time="2024-04-26T19:16:28.9179503Z" duration="0.001569" asserts="20" />
      </test-suite>
      <test-suite type="TestFixture" id="1006" name="BinaryTreeInTask2_should" fullname="BinaryTrees.BinaryTreeInTask2_should" classname="BinaryTrees.BinaryTreeInTask2_should" runstate="Runnable" testcasecount="19" result="Passed" start-time="2024-04-26T19:16:28.9194434Z" end-time="2024-04-26T19:16:29.2287636Z" duration="0.309320" total="19" passed="19" failed="0" warnings="0" inconclusive="0" skipped="0" asserts="70364">
        <test-suite type="ParameterizedMethod" id="1027" name="CheckIEnumeratorIsLazy" fullname="BinaryTrees.BinaryTreeInTask2_should.CheckIEnumeratorIsLazy" classname="BinaryTrees.BinaryTreeInTask2_should" runstate="Runnable" testcasecount="1" result="Passed" start-time="2024-04-26T19:16:28.9195277Z" end-time="2024-04-26T19:16:29.0351985Z" duration="0.115671" total="1" passed="1" failed="0" warnings="0" inconclusive="0" skipped="0" asserts="10001">
          <test-case id="1026" name="CheckIEnumeratorIsLazy(100000)" fullname="BinaryTrees.BinaryTreeInTask2_should.CheckIEnumeratorIsLazy(100000)" methodname="CheckIEnumeratorIsLazy" classname="BinaryTrees.BinaryTreeInTask2_should" runstate="Runnable" seed="672084082" result="Passed" start-time="2024-04-26T19:16:28.9196616Z" end-time="2024-04-26T19:16:29.0351490Z" duration="0.115488" asserts="10001" />
        </test-suite>
        <test-case id="1029" name="GetEnumeratorWorksCorrectly_WhenTreeIsEmpty" fullname="BinaryTrees.BinaryTreeInTask2_should.GetEnumeratorWorksCorrectly_WhenTreeIsEmpty" methodname="GetEnumeratorWorksCorrectly_WhenTreeIsEmpty" classname="BinaryTrees.BinaryTreeInTask2_should" runstate="Runnable" seed="1693661195" result="Passed" start-time="2024-04-26T19:16:29.0352117Z" end-time="2024-04-26T19:16:29.0353829Z" duration="0.000171" asserts="1" />
        <test-suite type="ParameterizedMethod" id="1012" name="SortIntegers" fullname="BinaryTrees.BinaryTreeInTask2_should.SortIntegers" classname="BinaryTrees.BinaryTreeInTask2_should" runstate="Runnable" testcasecount="5" result="Passed" start-time="2024-04-26T19:16:29.0353921Z" end-time="2024-04-26T19:16:29.0495579Z" duration="0.014166" total="5" passed="5" failed="0" warnings="0" inconclusive="0" skipped="0" asserts="10">
          <test-case id="1007" name="SortIntegers(0,1)" fullname="BinaryTrees.BinaryTreeInTask2_should.SortIntegers(0,1)" methodname="SortIntegers" classname="BinaryTrees.BinaryTreeInTask2_should" runstate="Runnable" seed="1046664141" result="Passed" start-time="2024-04-26T19:16:29.0354150Z" end-time="2024-04-26T19:16:29.0374920Z" duration="0.002077" asserts="2" />
          <test-case id="1008" name="SortIntegers(0,2)" fullname="BinaryTrees.BinaryTreeInTask2_should.SortIntegers(0,2)" methodname="SortIntegers" classname="BinaryTrees.BinaryTreeInTask2_should" runstate="Runnable" seed="2111205810" result="Passed" start-time="2024-04-26T19:16:29.0375046Z" end-time="2024-04-26T19:16:29.0376075Z" duration="0.000103" asserts="2" />
          <test-case id="1009" name="SortIntegers(0,30)" fullname="BinaryTrees.BinaryTreeInTask2_should.SortIntegers(0,30)" methodname="SortIntegers" classname="BinaryTrees.BinaryTreeInTask2_should" runstate="Runnable" seed="579146924" result="Passed" start-time="2024-04-26T19:16:29.0376153Z" end-time="2024-04-26T19:16:29.0376595Z" duration="0.000044" asserts="2" />
          <test-case id="1010" name="SortIntegers(20,100)" fullname="BinaryTrees.BinaryTreeInTask2_should.SortIntegers(20,100)" methodname="SortIntegers" classname="BinaryTrees.BinaryTreeInTask2_should" runstate="Runnable" seed="1943948700" result="Passed" start-time="2024-04-26T19:16:29.0376646Z" end-time="2024-04-26T19:16:29.0377490Z" duration="0.000084" asserts="2" />
          <test-case id="1011" name="SortIntegers(0,10000)" fullname="BinaryTrees.BinaryTreeInTask2_should.SortIntegers(0,10000)" methodname="SortIntegers" classname="BinaryTrees.BinaryTreeInTask2_should" runstate="Runnable" seed="1798281090" result="Passed" start-time="2024-04-26T19:16:29.0377536Z" end-time="2024-04-26T19:16:29.0495317Z" duration="0.011779" asserts="2" />
        </test-suite>
        <test-suite type="ParameterizedMethod" id="1019" name="SupportIndexersForIntValues" fullname="BinaryTrees.BinaryTreeInTask2_should.SupportIndexersForIntValues" classname="BinaryTrees.BinaryTreeInTask2_should" runstate="Runnable" testcasecount="6" result="Passed" start-time="2024-04-26T19:16:29.0495723Z" end-time="2024-04-26T19:16:29.0882158Z" duration="0.038644" total="6" passed="6" failed="0" warnings="0" inconclusive="0" skipped="0" asserts="10133">
          <test-case id="1013" name="SupportIndexersForIntValues(0,0)" fullname="BinaryTrees.BinaryTreeInTask2_should.SupportIndexersForIntValues(0,0)" methodname="SupportIndexersForIntValues" classname="BinaryTrees.BinaryTreeInTask2_should" runstate="Runnable" seed="1127913177" result="Passed" start-time="2024-04-26T19:16:29.0496006Z" end-time="2024-04-26T19:16:29.0663996Z" duration="0.016799" asserts="0" />
          <test-case id="1014" name="SupportIndexersForIntValues(0,1)" fullname="BinaryTrees.BinaryTreeInTask2_should.SupportIndexersForIntValues(0,1)" methodname="SupportIndexersForIntValues" classname="BinaryTrees.BinaryTreeInTask2_should" runstate="Runnable" seed="1830514221" result="Passed" start-time="2024-04-26T19:16:29.0664231Z" end-time="2024-04-26T19:16:29.0668246Z" duration="0.000402" asserts="1" />
          <test-case id="1015" name="SupportIndexersForIntValues(0,2)" fullname="BinaryTrees.BinaryTreeInTask2_should.SupportIndexersForIntValues(0,2)" methodname="SupportIndexersForIntValues" classname="BinaryTrees.BinaryTreeInTask2_should" runstate="Runnable" seed="355548041" result="Passed" start-time="2024-04-26T19:16:29.0668361Z" end-time="2024-04-26T19:16:29.0669938Z" duration="0.000158" asserts="2" />
          <test-case id="1016" name="SupportIndexersForIntValues(0,30)" fullname="BinaryTrees.BinaryTreeInTask2_should.SupportIndexersForIntValues(0,30)" methodname="SupportIndexersForIntValues" classname="BinaryTrees.BinaryTreeInTask2_should" runstate="Runnable" seed="1755310713" result="Passed" start-time="2024-04-26T19:16:29.0670035Z" end-time="2024-04-26T19:16:29.0671778Z" duration="0.000174" asserts="30" />
          <test-case id="1017" name="SupportIndexersForIntValues(20,100)" fullname="BinaryTrees.BinaryTreeInTask2_should.SupportIndexersForIntValues(20,100)" methodname="SupportIndexersForIntValues" classname="BinaryTrees.BinaryTreeInTask2_should" runstate="Runnable" seed="5314143" result="Passed" start-time="2024-04-26T19:16:29.0671866Z" end-time="2024-04-26T19:16:29.0674519Z" duration="0.000265" asserts="100" />
          <test-case id="1018" name="SupportIndexersForIntValues(0,10000)" fullname="BinaryTrees.BinaryTreeInTask2_should.SupportIndexersForIntValues(0,10000)" methodname="SupportIndexersForIntValues" classname="BinaryTrees.BinaryTreeInTask2_should" runstate="Runnable" seed="772807350" result="Passed" start-time="2024-04-26T19:16:29.0674607Z" end-time="2024-04-26T19:16:29.0881866Z" duration="0.020726" asserts="10000" />
        </test-suite>
        <test-suite type="ParameterizedMethod" id="1025" name="SupportIndexersForStringValues" fullname="BinaryTrees.BinaryTreeInTask2_should.SupportIndexersForStringValues" classname="BinaryTrees.BinaryTreeInTask2_should" runstate="Runnable" testcasecount="5" result="Passed" start-time="2024-04-26T19:16:29.0882298Z" end-time="2024-04-26T19:16:29.0917852Z" duration="0.003555" total="5" passed="5" failed="0" warnings="0" inconclusive="0" skipped="0" asserts="133">
          <test-case id="1020" name="SupportIndexersForStringValues(0,0)" fullname="BinaryTrees.BinaryTreeInTask2_should.SupportIndexersForStringValues(0,0)" methodname="SupportIndexersForStringValues" classname="BinaryTrees.BinaryTreeInTask2_should" runstate="Runnable" seed="427386165" result="Passed" start-time="2024-04-26T19:16:29.0882633Z" end-time="2024-04-26T19:16:29.0902952Z" duration="0.002032" asserts="0" />
          <test-case id="1021" name="SupportIndexersForStringValues(0,1)" fullname="BinaryTrees.BinaryTreeInTask2_should.SupportIndexersForStringValues(0,1)" methodname="SupportIndexersForStringValues" classname="BinaryTrees.BinaryTreeInTask2_should" runstate="Runnable" seed="1849121627" result="Passed" start-time="2024-04-26T19:16:29.0903094Z" end-time="2024-04-26T19:16:29.0907652Z" duration="0.000456" asserts="1" />
          <test-case id="1022" name="SupportIndexersForStringValues(0,2)" fullname="BinaryTrees.BinaryTreeInTask2_should.SupportIndexersForStringValues(0,2)" methodname="SupportIndexersForStringValues" classname="BinaryTrees.BinaryTreeInTask2_should" runstate="Runnable" seed="906737371" result="Passed" start-time="2024-04-26T19:16:29.0907759Z" end-time="2024-04-26T19:16:29.0909569Z" duration="0.000181" asserts="2" />
          <test-case id="1023" name="SupportIndexersForStringValues(0,30)" fullname="BinaryTrees.BinaryTreeInTask2_should.SupportIndexersForStringValues(0,30)" methodname="SupportIndexersForStringValues" classname="BinaryTrees.BinaryTreeInTask2_should" runstate="Runnable" seed="1679067137" result="Passed" start-time="2024-04-26T19:16:29.0909659Z" end-time="2024-04-26T19:16:29.0914844Z" duration="0.000519" asserts="30" />
          <test-case id="1024" name="SupportIndexersForStringValues(20,100)" fullname="BinaryTrees.BinaryTreeInTask2_should.SupportIndexersForStringValues(20,100)" methodname="SupportIndexersForStringValues" classname="BinaryTrees.BinaryTreeInTask2_should" runstate="Runnable" seed="1527662390" result="Passed" start-time="2024-04-26T19:16:29.0914964Z" end-time="2024-04-26T19:16:29.0917731Z" duration="0.000277" asserts="100" />
        </test-suite>
        <test-case id="1028" name="WorkWithMixedAddAndContains" fullname="BinaryTrees.BinaryTreeInTask2_should.WorkWithMixedAddAndContains" methodname="WorkWithMixedAddAndContains" classname="BinaryTrees.BinaryTreeInTask2_should" runstate="Runnable" seed="1665228318" result="Passed" start-time="2024-04-26T19:16:29.0917933Z" end-time="2024-04-26T19:16:29.2287241Z" duration="0.136931" asserts="50086" />
      </test-suite>
    </test-suite>
  </test-suite>
</test-run>