<?xml version="1.0" encoding="utf-8"?>
<test-run id="2" name="GaussAlgorithm.dll" fullname="C:/учеба/Программирование/Второй семестр/GaussAlgorithm/bin/Debug/net6.0/GaussAlgorithm.dll" testcasecount="37" result="Passed" start-time="2024-03-19T21:49:55.5325851Z" end-time="2024-03-19T21:49:55.7283276Z" duration="0.195703" total="37" passed="37" failed="0" inconclusive="0" skipped="0" warnings="0" asserts="13564" random-seed="263231506">
  <command-line><![CDATA["C:\учеба\Программирование\Второй семестр\GaussAlgorithm\bin\Debug\net6.0\GaussAlgorithm.dll"]]></command-line>
  <filter />
  <test-suite type="Assembly" id="1045" name="GaussAlgorithm.dll" fullname="C:/учеба/Программирование/Второй семестр/GaussAlgorithm/bin/Debug/net6.0/GaussAlgorithm.dll" runstate="Runnable" testcasecount="37" result="Passed" start-time="2024-03-19T21:49:55.5325851Z" end-time="2024-03-19T21:49:55.7283276Z" duration="0.195703" total="37" passed="37" failed="0" warnings="0" inconclusive="0" skipped="0" asserts="13564">
    <environment framework-version="3.13.3.0" clr-version="6.0.27" os-version="Microsoft Windows 10.0.22631" platform="Win32NT" cwd="C:\учеба\Программирование\Второй семестр\GaussAlgorithm\bin\Debug\net6.0" machine-name="DESKTOP-8UME09K" user="shcha" user-domain="DESKTOP-8UME09K" culture="ru-RU" uiculture="ru-RU" os-architecture="x64" />
    <settings>
      <setting name="WorkDirectory" value="C:\учеба\Программирование\Второй семестр\GaussAlgorithm\bin\Debug\net6.0" />
      <setting name="NumberOfTestWorkers" value="12" />
    </settings>
    <properties>
      <property name="_PID" value="9276" />
      <property name="_APPDOMAIN" value="GaussAlgorithm" />
    </properties>
    <test-suite type="TestSuite" id="1046" name="GaussAlgorithm" fullname="GaussAlgorithm" runstate="Runnable" testcasecount="37" result="Passed" start-time="2024-03-19T21:49:55.5356820Z" end-time="2024-03-19T21:49:55.7283250Z" duration="0.192643" total="37" passed="37" failed="0" warnings="0" inconclusive="0" skipped="0" asserts="13564">
      <test-suite type="TestFixture" id="1000" name="Solver_Should" fullname="GaussAlgorithm.Solver_Should" classname="GaussAlgorithm.Solver_Should" runstate="Runnable" testcasecount="37" result="Passed" start-time="2024-03-19T21:49:55.5365737Z" end-time="2024-03-19T21:49:55.7283190Z" duration="0.191745" total="37" passed="37" failed="0" warnings="0" inconclusive="0" skipped="0" asserts="13564">
        <test-suite type="ParameterizedMethod" id="1044" name="Solve_WhenHasLinearlyDependentRows" fullname="GaussAlgorithm.Solver_Should.Solve_WhenHasLinearlyDependentRows" classname="GaussAlgorithm.Solver_Should" runstate="Runnable" testcasecount="5" result="Passed" start-time="2024-03-19T21:49:55.5378745Z" end-time="2024-03-19T21:49:55.5579120Z" duration="0.020038" total="5" passed="5" failed="0" warnings="0" inconclusive="0" skipped="0" asserts="24">
          <test-case id="1039" name="Solve_WhenHasLinearlyDependentRows(10)" fullname="GaussAlgorithm.Solver_Should.Solve_WhenHasLinearlyDependentRows(10)" methodname="Solve_WhenHasLinearlyDependentRows" classname="GaussAlgorithm.Solver_Should" runstate="Runnable" seed="215543390" result="Passed" start-time="2024-03-19T21:49:55.5380165Z" end-time="2024-03-19T21:49:55.5560605Z" duration="0.018092" asserts="10" />
          <test-case id="1040" name="Solve_WhenHasLinearlyDependentRows(5)" fullname="GaussAlgorithm.Solver_Should.Solve_WhenHasLinearlyDependentRows(5)" methodname="Solve_WhenHasLinearlyDependentRows" classname="GaussAlgorithm.Solver_Should" runstate="Runnable" seed="875292855" result="Passed" start-time="2024-03-19T21:49:55.5570769Z" end-time="2024-03-19T21:49:55.5572282Z" duration="0.000151" asserts="5" />
          <test-case id="1041" name="Solve_WhenHasLinearlyDependentRows(4)" fullname="GaussAlgorithm.Solver_Should.Solve_WhenHasLinearlyDependentRows(4)" methodname="Solve_WhenHasLinearlyDependentRows" classname="GaussAlgorithm.Solver_Should" runstate="Runnable" seed="1640231387" result="Passed" start-time="2024-03-19T21:49:55.5572417Z" end-time="2024-03-19T21:49:55.5572936Z" duration="0.000052" asserts="4" />
          <test-case id="1042" name="Solve_WhenHasLinearlyDependentRows(3)" fullname="GaussAlgorithm.Solver_Should.Solve_WhenHasLinearlyDependentRows(3)" methodname="Solve_WhenHasLinearlyDependentRows" classname="GaussAlgorithm.Solver_Should" runstate="Runnable" seed="875778636" result="Passed" start-time="2024-03-19T21:49:55.5572980Z" end-time="2024-03-19T21:49:55.5573331Z" duration="0.000035" asserts="3" />
          <test-case id="1043" name="Solve_WhenHasLinearlyDependentRows(2)" fullname="GaussAlgorithm.Solver_Should.Solve_WhenHasLinearlyDependentRows(2)" methodname="Solve_WhenHasLinearlyDependentRows" classname="GaussAlgorithm.Solver_Should" runstate="Runnable" seed="708892708" result="Passed" start-time="2024-03-19T21:49:55.5573394Z" end-time="2024-03-19T21:49:55.5573643Z" duration="0.000025" asserts="2" />
        </test-suite>
        <test-suite type="ParameterizedMethod" id="1008" name="SolveCommonCases_1x1" fullname="GaussAlgorithm.Solver_Should.SolveCommonCases_1x1" classname="GaussAlgorithm.Solver_Should" runstate="Runnable" testcasecount="7" result="Passed" start-time="2024-03-19T21:49:55.5582072Z" end-time="2024-03-19T21:49:55.5590045Z" duration="0.000797" total="7" passed="7" failed="0" warnings="0" inconclusive="0" skipped="0" asserts="10">
          <test-case id="1001" name="SolveCommonCases_1x1(1,1,42)" fullname="GaussAlgorithm.Solver_Should.SolveCommonCases_1x1(1,1,42)" methodname="SolveCommonCases_1x1" classname="GaussAlgorithm.Solver_Should" runstate="Runnable" seed="419687096" result="Passed" start-time="2024-03-19T21:49:55.5582283Z" end-time="2024-03-19T21:49:55.5588315Z" duration="0.000603" asserts="1" />
          <test-case id="1002" name="SolveCommonCases_1x1(1,2,-42)" fullname="GaussAlgorithm.Solver_Should.SolveCommonCases_1x1(1,2,-42)" methodname="SolveCommonCases_1x1" classname="GaussAlgorithm.Solver_Should" runstate="Runnable" seed="69195835" result="Passed" start-time="2024-03-19T21:49:55.5588419Z" end-time="2024-03-19T21:49:55.5588751Z" duration="0.000033" asserts="1" />
          <test-case id="1003" name="SolveCommonCases_1x1(1,-100,0)" fullname="GaussAlgorithm.Solver_Should.SolveCommonCases_1x1(1,-100,0)" methodname="SolveCommonCases_1x1" classname="GaussAlgorithm.Solver_Should" runstate="Runnable" seed="1253620872" result="Passed" start-time="2024-03-19T21:49:55.5588794Z" end-time="2024-03-19T21:49:55.5588955Z" duration="0.000016" asserts="1" />
          <test-case id="1004" name="SolveCommonCases_1x1(1,0,0)" fullname="GaussAlgorithm.Solver_Should.SolveCommonCases_1x1(1,0,0)" methodname="SolveCommonCases_1x1" classname="GaussAlgorithm.Solver_Should" runstate="Runnable" seed="983870393" result="Passed" start-time="2024-03-19T21:49:55.5589025Z" end-time="2024-03-19T21:49:55.5589143Z" duration="0.000012" asserts="1" />
          <test-case id="1005" name="SolveCommonCases_1x1(1,1,21,2,42)" fullname="GaussAlgorithm.Solver_Should.SolveCommonCases_1x1(1,1,21,2,42)" methodname="SolveCommonCases_1x1" classname="GaussAlgorithm.Solver_Should" runstate="Runnable" seed="1143888870" result="Passed" start-time="2024-03-19T21:49:55.5589204Z" end-time="2024-03-19T21:49:55.5589384Z" duration="0.000018" asserts="2" />
          <test-case id="1006" name="SolveCommonCases_1x1(1,2,42,1,21)" fullname="GaussAlgorithm.Solver_Should.SolveCommonCases_1x1(1,2,42,1,21)" methodname="SolveCommonCases_1x1" classname="GaussAlgorithm.Solver_Should" runstate="Runnable" seed="719390480" result="Passed" start-time="2024-03-19T21:49:55.5589432Z" end-time="2024-03-19T21:49:55.5589657Z" duration="0.000022" asserts="2" />
          <test-case id="1007" name="SolveCommonCases_1x1(1,0,0,0,0)" fullname="GaussAlgorithm.Solver_Should.SolveCommonCases_1x1(1,0,0,0,0)" methodname="SolveCommonCases_1x1" classname="GaussAlgorithm.Solver_Should" runstate="Runnable" seed="1192635309" result="Passed" start-time="2024-03-19T21:49:55.5589692Z" end-time="2024-03-19T21:49:55.5589905Z" duration="0.000021" asserts="2" />
        </test-suite>
        <test-suite type="ParameterizedMethod" id="1017" name="SolveCommonCases_2x2" fullname="GaussAlgorithm.Solver_Should.SolveCommonCases_2x2" classname="GaussAlgorithm.Solver_Should" runstate="Runnable" testcasecount="8" result="Passed" start-time="2024-03-19T21:49:55.5590114Z" end-time="2024-03-19T21:49:55.5592386Z" duration="0.000227" total="8" passed="8" failed="0" warnings="0" inconclusive="0" skipped="0" asserts="12">
          <test-case id="1009" name="SolveCommonCases_2x2(2,1,2,42)" fullname="GaussAlgorithm.Solver_Should.SolveCommonCases_2x2(2,1,2,42)" methodname="SolveCommonCases_2x2" classname="GaussAlgorithm.Solver_Should" runstate="Runnable" seed="558232209" result="Passed" start-time="2024-03-19T21:49:55.5590176Z" end-time="2024-03-19T21:49:55.5590740Z" duration="0.000056" asserts="1" />
          <test-case id="1010" name="SolveCommonCases_2x2(2,0,-2,42)" fullname="GaussAlgorithm.Solver_Should.SolveCommonCases_2x2(2,0,-2,42)" methodname="SolveCommonCases_2x2" classname="GaussAlgorithm.Solver_Should" runstate="Runnable" seed="1889935585" result="Passed" start-time="2024-03-19T21:49:55.5590805Z" end-time="2024-03-19T21:49:55.5590992Z" duration="0.000019" asserts="1" />
          <test-case id="1011" name="SolveCommonCases_2x2(2,-1,0,42)" fullname="GaussAlgorithm.Solver_Should.SolveCommonCases_2x2(2,-1,0,42)" methodname="SolveCommonCases_2x2" classname="GaussAlgorithm.Solver_Should" runstate="Runnable" seed="1552557190" result="Passed" start-time="2024-03-19T21:49:55.5591029Z" end-time="2024-03-19T21:49:55.5591181Z" duration="0.000015" asserts="1" />
          <test-case id="1012" name="SolveCommonCases_2x2(2,0,0,0)" fullname="GaussAlgorithm.Solver_Should.SolveCommonCases_2x2(2,0,0,0)" methodname="SolveCommonCases_2x2" classname="GaussAlgorithm.Solver_Should" runstate="Runnable" seed="20384359" result="Passed" start-time="2024-03-19T21:49:55.5591223Z" end-time="2024-03-19T21:49:55.5591344Z" duration="0.000012" asserts="1" />
          <test-case id="1013" name="SolveCommonCases_2x2(2,1,2,1,3,-1,2)" fullname="GaussAlgorithm.Solver_Should.SolveCommonCases_2x2(2,1,2,1,3,-1,2)" methodname="SolveCommonCases_2x2" classname="GaussAlgorithm.Solver_Should" runstate="Runnable" seed="1080414931" result="Passed" start-time="2024-03-19T21:49:55.5591377Z" end-time="2024-03-19T21:49:55.5591596Z" duration="0.000022" asserts="2" />
          <test-case id="1014" name="SolveCommonCases_2x2(2,1,-2,42,2,1,-31)" fullname="GaussAlgorithm.Solver_Should.SolveCommonCases_2x2(2,1,-2,42,2,1,-31)" methodname="SolveCommonCases_2x2" classname="GaussAlgorithm.Solver_Should" runstate="Runnable" seed="1012393514" result="Passed" start-time="2024-03-19T21:49:55.5591641Z" end-time="2024-03-19T21:49:55.5591841Z" duration="0.000020" asserts="2" />
          <test-case id="1015" name="SolveCommonCases_2x2(2,-1,-2,-42,2,4,84)" fullname="GaussAlgorithm.Solver_Should.SolveCommonCases_2x2(2,-1,-2,-42,2,4,84)" methodname="SolveCommonCases_2x2" classname="GaussAlgorithm.Solver_Should" runstate="Runnable" seed="464504127" result="Passed" start-time="2024-03-19T21:49:55.5591876Z" end-time="2024-03-19T21:49:55.5592080Z" duration="0.000021" asserts="2" />
          <test-case id="1016" name="SolveCommonCases_2x2(2,1,2,42,-2,-4,-84)" fullname="GaussAlgorithm.Solver_Should.SolveCommonCases_2x2(2,1,2,42,-2,-4,-84)" methodname="SolveCommonCases_2x2" classname="GaussAlgorithm.Solver_Should" runstate="Runnable" seed="2034157486" result="Passed" start-time="2024-03-19T21:49:55.5592116Z" end-time="2024-03-19T21:49:55.5592337Z" duration="0.000022" asserts="2" />
        </test-suite>
        <test-suite type="ParameterizedMethod" id="1021" name="SolveCommonCases_3x3" fullname="GaussAlgorithm.Solver_Should.SolveCommonCases_3x3" classname="GaussAlgorithm.Solver_Should" runstate="Runnable" testcasecount="3" result="Passed" start-time="2024-03-19T21:49:55.5592434Z" end-time="2024-03-19T21:49:55.5593876Z" duration="0.000144" total="3" passed="3" failed="0" warnings="0" inconclusive="0" skipped="0" asserts="10">
          <test-case id="1018" name="SolveCommonCases_3x3(3,2,4,6,12,1,2,3,6,1,1,3,5)" fullname="GaussAlgorithm.Solver_Should.SolveCommonCases_3x3(3,2,4,6,12,1,2,3,6,1,1,3,5)" methodname="SolveCommonCases_3x3" classname="GaussAlgorithm.Solver_Should" runstate="Runnable" seed="40352864" result="Passed" start-time="2024-03-19T21:49:55.5592485Z" end-time="2024-03-19T21:49:55.5593087Z" duration="0.000060" asserts="3" />
          <test-case id="1019" name="SolveCommonCases_3x3(3,2,4,6,12,1,2,4,7,1,2,6,9)" fullname="GaussAlgorithm.Solver_Should.SolveCommonCases_3x3(3,2,4,6,12,1,2,4,7,1,2,6,9)" methodname="SolveCommonCases_3x3" classname="GaussAlgorithm.Solver_Should" runstate="Runnable" seed="224659260" result="Passed" start-time="2024-03-19T21:49:55.5593147Z" end-time="2024-03-19T21:49:55.5593456Z" duration="0.000031" asserts="3" />
          <test-case id="1020" name="SolveCommonCases_3x3(3,1.0d,1.0d,3.0d,5,1.0d,3.0d,1.0d,5,1.0d,2.0d,6.0d,9,2.0d,4.0d,12.0d,18)" fullname="GaussAlgorithm.Solver_Should.SolveCommonCases_3x3(3,1.0d,1.0d,3.0d,5,1.0d,3.0d,1.0d,5,1.0d,2.0d,6.0d,9,2.0d,4.0d,12.0d,18)" methodname="SolveCommonCases_3x3" classname="GaussAlgorithm.Solver_Should" runstate="Runnable" seed="1289261396" result="Passed" start-time="2024-03-19T21:49:55.5593493Z" end-time="2024-03-19T21:49:55.5593822Z" duration="0.000033" asserts="4" />
        </test-suite>
        <test-suite type="ParameterizedMethod" id="1028" name="SolveRandomMatrix" fullname="GaussAlgorithm.Solver_Should.SolveRandomMatrix" classname="GaussAlgorithm.Solver_Should" runstate="Runnable" testcasecount="6" result="Passed" start-time="2024-03-19T21:49:55.5593919Z" end-time="2024-03-19T21:49:55.7243115Z" duration="0.164920" total="6" passed="6" failed="0" warnings="0" inconclusive="0" skipped="0" asserts="13500">
          <properties>
            <property name="Repeat" value="500" />
          </properties>
          <test-case id="1022" name="SolveRandomMatrix(2,2)" fullname="GaussAlgorithm.Solver_Should.SolveRandomMatrix(2,2)" methodname="SolveRandomMatrix" classname="GaussAlgorithm.Solver_Should" runstate="Runnable" seed="2052771590" result="Passed" start-time="2024-03-19T21:49:55.5593974Z" end-time="2024-03-19T21:49:55.5691865Z" duration="0.009790" asserts="1000" />
          <test-case id="1023" name="SolveRandomMatrix(3,3)" fullname="GaussAlgorithm.Solver_Should.SolveRandomMatrix(3,3)" methodname="SolveRandomMatrix" classname="GaussAlgorithm.Solver_Should" runstate="Runnable" seed="356812546" result="Passed" start-time="2024-03-19T21:49:55.5692050Z" end-time="2024-03-19T21:49:55.5803704Z" duration="0.011166" asserts="1500" />
          <test-case id="1024" name="SolveRandomMatrix(4,4)" fullname="GaussAlgorithm.Solver_Should.SolveRandomMatrix(4,4)" methodname="SolveRandomMatrix" classname="GaussAlgorithm.Solver_Should" runstate="Runnable" seed="2091172535" result="Passed" start-time="2024-03-19T21:49:55.5803859Z" end-time="2024-03-19T21:49:55.5956672Z" duration="0.015282" asserts="2000" />
          <test-case id="1025" name="SolveRandomMatrix(5,5)" fullname="GaussAlgorithm.Solver_Should.SolveRandomMatrix(5,5)" methodname="SolveRandomMatrix" classname="GaussAlgorithm.Solver_Should" runstate="Runnable" seed="65127322" result="Passed" start-time="2024-03-19T21:49:55.5956881Z" end-time="2024-03-19T21:49:55.6177059Z" duration="0.022019" asserts="2500" />
          <test-case id="1026" name="SolveRandomMatrix(10,10)" fullname="GaussAlgorithm.Solver_Should.SolveRandomMatrix(10,10)" methodname="SolveRandomMatrix" classname="GaussAlgorithm.Solver_Should" runstate="Runnable" seed="11354154" result="Passed" start-time="2024-03-19T21:49:55.6177288Z" end-time="2024-03-19T21:49:55.7125935Z" duration="0.094865" asserts="5000" />
          <test-case id="1027" name="SolveRandomMatrix(3,5)" fullname="GaussAlgorithm.Solver_Should.SolveRandomMatrix(3,5)" methodname="SolveRandomMatrix" classname="GaussAlgorithm.Solver_Should" runstate="Runnable" seed="1982038201" result="Passed" start-time="2024-03-19T21:49:55.7126184Z" end-time="2024-03-19T21:49:55.7242894Z" duration="0.011671" asserts="1500" />
        </test-suite>
        <test-suite type="ParameterizedMethod" id="1032" name="ThrowsException_WhenNoSolution" fullname="GaussAlgorithm.Solver_Should.ThrowsException_WhenNoSolution" classname="GaussAlgorithm.Solver_Should" runstate="Runnable" testcasecount="3" result="Passed" start-time="2024-03-19T21:49:55.7243282Z" end-time="2024-03-19T21:49:55.7279162Z" duration="0.003588" total="3" passed="3" failed="0" warnings="0" inconclusive="0" skipped="0" asserts="3">
          <test-case id="1029" name="ThrowsException_WhenNoSolution(1,1,1,1,-1)" fullname="GaussAlgorithm.Solver_Should.ThrowsException_WhenNoSolution(1,1,1,1,-1)" methodname="ThrowsException_WhenNoSolution" classname="GaussAlgorithm.Solver_Should" runstate="Runnable" seed="1968411099" result="Passed" start-time="2024-03-19T21:49:55.7243466Z" end-time="2024-03-19T21:49:55.7277935Z" duration="0.003447" asserts="1" />
          <test-case id="1030" name="ThrowsException_WhenNoSolution(2,1,2,42,2,4,42)" fullname="GaussAlgorithm.Solver_Should.ThrowsException_WhenNoSolution(2,1,2,42,2,4,42)" methodname="ThrowsException_WhenNoSolution" classname="GaussAlgorithm.Solver_Should" runstate="Runnable" seed="245434241" result="Passed" start-time="2024-03-19T21:49:55.7278068Z" end-time="2024-03-19T21:49:55.7278724Z" duration="0.000066" asserts="1" />
          <test-case id="1031" name="ThrowsException_WhenNoSolution(3,2,4,6,12,1,2,3,6,1,2,3,7,1,1,3,5)" fullname="GaussAlgorithm.Solver_Should.ThrowsException_WhenNoSolution(3,2,4,6,12,1,2,3,6,1,2,3,7,1,1,3,5)" methodname="ThrowsException_WhenNoSolution" classname="GaussAlgorithm.Solver_Should" runstate="Runnable" seed="841390379" result="Passed" start-time="2024-03-19T21:49:55.7278799Z" end-time="2024-03-19T21:49:55.7279094Z" duration="0.000029" asserts="1" />
        </test-suite>
        <test-suite type="ParameterizedMethod" id="1038" name="ThrowsException_WhenNoSolutionOnRandomMatrix" fullname="GaussAlgorithm.Solver_Should.ThrowsException_WhenNoSolutionOnRandomMatrix" classname="GaussAlgorithm.Solver_Should" runstate="Runnable" testcasecount="5" result="Passed" start-time="2024-03-19T21:49:55.7279231Z" end-time="2024-03-19T21:49:55.7282783Z" duration="0.000355" total="5" passed="5" failed="0" warnings="0" inconclusive="0" skipped="0" asserts="5">
          <test-case id="1033" name="ThrowsException_WhenNoSolutionOnRandomMatrix(10)" fullname="GaussAlgorithm.Solver_Should.ThrowsException_WhenNoSolutionOnRandomMatrix(10)" methodname="ThrowsException_WhenNoSolutionOnRandomMatrix" classname="GaussAlgorithm.Solver_Should" runstate="Runnable" seed="672779134" result="Passed" start-time="2024-03-19T21:49:55.7279309Z" end-time="2024-03-19T21:49:55.7281289Z" duration="0.000198" asserts="1" />
          <test-case id="1034" name="ThrowsException_WhenNoSolutionOnRandomMatrix(5)" fullname="GaussAlgorithm.Solver_Should.ThrowsException_WhenNoSolutionOnRandomMatrix(5)" methodname="ThrowsException_WhenNoSolutionOnRandomMatrix" classname="GaussAlgorithm.Solver_Should" runstate="Runnable" seed="1852545864" result="Passed" start-time="2024-03-19T21:49:55.7281381Z" end-time="2024-03-19T21:49:55.7281776Z" duration="0.000040" asserts="1" />
          <test-case id="1035" name="ThrowsException_WhenNoSolutionOnRandomMatrix(4)" fullname="GaussAlgorithm.Solver_Should.ThrowsException_WhenNoSolutionOnRandomMatrix(4)" methodname="ThrowsException_WhenNoSolutionOnRandomMatrix" classname="GaussAlgorithm.Solver_Should" runstate="Runnable" seed="1869561440" result="Passed" start-time="2024-03-19T21:49:55.7281820Z" end-time="2024-03-19T21:49:55.7282100Z" duration="0.000028" asserts="1" />
          <test-case id="1036" name="ThrowsException_WhenNoSolutionOnRandomMatrix(3)" fullname="GaussAlgorithm.Solver_Should.ThrowsException_WhenNoSolutionOnRandomMatrix(3)" methodname="ThrowsException_WhenNoSolutionOnRandomMatrix" classname="GaussAlgorithm.Solver_Should" runstate="Runnable" seed="1421912581" result="Passed" start-time="2024-03-19T21:49:55.7282153Z" end-time="2024-03-19T21:49:55.7282439Z" duration="0.000029" asserts="1" />
          <test-case id="1037" name="ThrowsException_WhenNoSolutionOnRandomMatrix(2)" fullname="GaussAlgorithm.Solver_Should.ThrowsException_WhenNoSolutionOnRandomMatrix(2)" methodname="ThrowsException_WhenNoSolutionOnRandomMatrix" classname="GaussAlgorithm.Solver_Should" runstate="Runnable" seed="1788950390" result="Passed" start-time="2024-03-19T21:49:55.7282481Z" end-time="2024-03-19T21:49:55.7282727Z" duration="0.000025" asserts="1" />
        </test-suite>
      </test-suite>
    </test-suite>
  </test-suite>
</test-run>